<?xml version="1.0" encoding="UTF-8"?>
<!-- Generated by org.testng.reporters.JUnitXMLReporter -->
<testsuite hostname="QSIH-00268" name="Default test" tests="2" failures="0" timestamp="28 Jan 2016 11:09:53 GMT" time="51.569" errors="0">
  <testcase name="@BeforeMethod preSetup" time="0.0" classname="com.proware.tests.PlaceSelectionTest">
    <failure type="java.lang.Exception" message="Error in launching the browser...
Failed to connect to binary FirefoxBinary(C:\Program Files (x86)\Mozilla Firefox\firefox.exe) on port 7055; process output follows: 
106607726848webdriver-profile\\extensions\\fxdriver@googlecode.com&amp;quot;,&amp;quot;installDate&amp;quot;:1453979343908,&amp;quot;updateDate&amp;quot;:1453979343908,&amp;quot;applyBackgroundUpdates&amp;quot;:1,&amp;quot;bootstrap&amp;quot;:false,&amp;quot;size&amp;quot;:8234871,&amp;quot;sourceURI&amp;quot;:null,&amp;quot;releaseNotesURI&amp;quot;:null,&amp;quot;softDisabled&amp;quot;:false,&amp;quot;foreignInstall&amp;quot;:true,&amp;quot;hasBinaryComponents&amp;quot;:true,&amp;quot;strictCompatibility&amp;quot;:false,&amp;quot;locales&amp;quot;:[],&amp;quot;targetApplications&amp;quot;:[{&amp;quot;id&amp;quot;:&amp;quot;{ec8030f7-c20a-464f-9b0e-13a3a9e97384}&amp;quot;,&amp;quot;minVersion&amp;quot;:&amp;quot;3.0&amp;quot;,&amp;quot;maxVersion&amp;quot;:&amp;quot;66.*&amp;quot;}],&amp;quot;targetPlatforms&amp;quot;:[{&amp;quot;os&amp;quot;:&amp;quot;Darwin&amp;quot;,&amp;quot;abi&amp;quot;:null},{&amp;quot;os&amp;quot;:&amp;quot;SunOS&amp;quot;,&amp;quot;abi&amp;quot;:null},{&amp;quot;os&amp;quot;:&amp;quot;FreeBSD&amp;quot;,&amp;quot;abi&amp;quot;:null},{&amp;quot;os&amp;quot;:&amp;quot;OpenBSD&amp;quot;,&amp;quot;abi&amp;quot;:null},{&amp;quot;os&amp;quot;:&amp;quot;WINNT&amp;quot;,&amp;quot;abi&amp;quot;:&amp;quot;x86-msvc&amp;quot;},{&amp;quot;os&amp;quot;:&amp;quot;Linux&amp;quot;,&amp;quot;abi&amp;quot;:null}],&amp;quot;multiprocessCompatible&amp;quot;:false,&amp;quot;signedState&amp;quot;:0}
1453979350435	addons.xpi	DEBUG	Updating XPIState for {&amp;quot;id&amp;quot;:&amp;quot;{972ce4c6-7e08-4474-a285-3208198ce6fd}&amp;quot;,&amp;quot;syncGUID&amp;quot;:&amp;quot;vNSNuZLgfrhI&amp;quot;,&amp;quot;location&amp;quot;:&amp;quot;app-global&amp;quot;,&amp;quot;version&amp;quot;:&amp;quot;43.0.4&amp;quot;,&amp;quot;type&amp;quot;:&amp;quot;theme&amp;quot;,&amp;quot;internalName&amp;quot;:&amp;quot;classic/1.0&amp;quot;,&amp;quot;updateURL&amp;quot;:null,&amp;quot;updateKey&amp;quot;:null,&amp;quot;optionsURL&amp;quot;:null,&amp;quot;optionsType&amp;quot;:null,&amp;quot;aboutURL&amp;quot;:null,&amp;quot;iconURL&amp;quot;:null,&amp;quot;icon64URL&amp;quot;:null,&amp;quot;defaultLocale&amp;quot;:{&amp;quot;name&amp;quot;:&amp;quot;Default&amp;quot;,&amp;quot;description&amp;quot;:&amp;quot;The default theme.&amp;quot;,&amp;quot;creator&amp;quot;:&amp;quot;Mozilla&amp;quot;,&amp;quot;homepageURL&amp;quot;:null,&amp;quot;contributors&amp;quot;:[&amp;quot;Mozilla Contributors&amp;quot;]},&amp;quot;visible&amp;quot;:true,&amp;quot;active&amp;quot;:true,&amp;quot;userDisabled&amp;quot;:false,&amp;quot;appDisabled&amp;quot;:false,&amp;quot;descriptor&amp;quot;:&amp;quot;C:\\Program Files (x86)\\Mozilla Firefox\\browser\\extensions\\{972ce4c6-7e08-4474-a285-3208198ce6fd}&amp;quot;,&amp;quot;installDate&amp;quot;:1452148460144,&amp;quot;updateDate&amp;quot;:1452148460144,&amp;quot;applyBackgroundUpdates&amp;quot;:1,&amp;quot;skinnable&amp;quot;:true,&amp;quot;size&amp;quot;:24172,&amp;quot;sourceURI&amp;quot;:null,&amp;quot;releaseNotesURI&amp;quot;:null,&amp;quot;softDisabled&amp;quot;:false,&amp;quot;foreignInstall&amp;quot;:false,&amp;quot;hasBinaryComponents&amp;quot;:false,&amp;quot;strictCompatibility&amp;quot;:true,&amp;quot;locales&amp;quot;:[],&amp;quot;targetApplications&amp;quot;:[{&amp;quot;id&amp;quot;:&amp;quot;{ec8030f7-c20a-464f-9b0e-13a3a9e97384}&amp;quot;,&amp;quot;minVersion&amp;quot;:&amp;quot;43.0.4&amp;quot;,&amp;quot;maxVersion&amp;quot;:&amp;quot;43.0.4&amp;quot;}],&amp;quot;targetPlatforms&amp;quot;:[]}
1453979350435	addons.xpi	DEBUG	getModTime: Recursive scan of {972ce4c6-7e08-4474-a285-3208198ce6fd}
1453979350437	DeferredSave.extensions.json	DEBUG	Save changes
1453979350437	addons.xpi	DEBUG	Updating database with changes to installed add-ons
1453979350438	addons.xpi-utils	DEBUG	Updating add-on states
1453979350439	addons.xpi-utils	DEBUG	Writing add-ons list
1453979350468	addons.manager	DEBUG	Registering shutdown blocker for XPIProvider
1453979350468	addons.manager	DEBUG	Provider finished startup: XPIProvider
1453979350468	addons.manager	DEBUG	Starting provider: LightweightThemeManager
1453979350468	addons.manager	DEBUG	Registering shutdown blocker for LightweightThemeManager
1453979350468	addons.manager	DEBUG	Provider finished startup: LightweightThemeManager
1453979350469	addons.manager	DEBUG	Starting provider: GMPProvider
1453979350477	addons.manager	DEBUG	Registering shutdown blocker for GMPProvider
1453979350477	addons.manager	DEBUG	Provider finished startup: GMPProvider
1453979350477	addons.manager	DEBUG	Starting provider: PluginProvider
1453979350477	addons.manager	DEBUG	Registering shutdown blocker for PluginProvider
1453979350477	addons.manager	DEBUG	Provider finished startup: PluginProvider
1453979350478	addons.manager	DEBUG	Completed startup sequence
1453979352816	addons.manager	DEBUG	Starting provider: &amp;lt;unnamed-provider&amp;gt;
1453979352816	addons.manager	DEBUG	Registering shutdown blocker for &amp;lt;unnamed-provider&amp;gt;
1453979352817	addons.manager	DEBUG	Provider finished startup: &amp;lt;unnamed-provider&amp;gt;
1453979353153	DeferredSave.extensions.json	DEBUG	Starting write
1453979355255	addons.repository	DEBUG	No addons.json found.
1453979355255	DeferredSave.addons.json	DEBUG	Save changes
1453979355269	DeferredSave.addons.json	DEBUG	Starting timer
1453979355278	addons.manager	DEBUG	Starting provider: PreviousExperimentProvider
1453979355278	addons.manager	DEBUG	Registering shutdown blocker for PreviousExperimentProvider
1453979355278	addons.manager	DEBUG	Provider finished startup: PreviousExperimentProvider
1453979355280	DeferredSave.extensions.json	DEBUG	Write succeeded
1453979355280	addons.xpi-utils	DEBUG	XPI Database saved, setting schema version preference to 17
1453979355371	DeferredSave.addons.json	DEBUG	Starting write
1453979355390	DeferredSave.addons.json	DEBUG	Write succeeded

Build info: version: &amp;apos;2.47.1&amp;apos;, revision: &amp;apos;unknown&amp;apos;, time: &amp;apos;2015-07-30 11:02:44&amp;apos;
System info: host: &amp;apos;QSIH-00268&amp;apos;, ip: &amp;apos;10.145.8.178&amp;apos;, os.name: &amp;apos;Windows 7&amp;apos;, os.arch: &amp;apos;amd64&amp;apos;, os.version: &amp;apos;6.1&amp;apos;, java.version: &amp;apos;1.8.0_60&amp;apos;
Driver info: driver.version: FirefoxDriver">
      <![CDATA[java.lang.Exception: Error in launching the browser...
Failed to connect to binary FirefoxBinary(C:\Program Files (x86)\Mozilla Firefox\firefox.exe) on port 7055; process output follows: 
106607726848webdriver-profile\\extensions\\fxdriver@googlecode.com","installDate":1453979343908,"updateDate":1453979343908,"applyBackgroundUpdates":1,"bootstrap":false,"size":8234871,"sourceURI":null,"releaseNotesURI":null,"softDisabled":false,"foreignInstall":true,"hasBinaryComponents":true,"strictCompatibility":false,"locales":[],"targetApplications":[{"id":"{ec8030f7-c20a-464f-9b0e-13a3a9e97384}","minVersion":"3.0","maxVersion":"66.*"}],"targetPlatforms":[{"os":"Darwin","abi":null},{"os":"SunOS","abi":null},{"os":"FreeBSD","abi":null},{"os":"OpenBSD","abi":null},{"os":"WINNT","abi":"x86-msvc"},{"os":"Linux","abi":null}],"multiprocessCompatible":false,"signedState":0}
1453979350435	addons.xpi	DEBUG	Updating XPIState for {"id":"{972ce4c6-7e08-4474-a285-3208198ce6fd}","syncGUID":"vNSNuZLgfrhI","location":"app-global","version":"43.0.4","type":"theme","internalName":"classic/1.0","updateURL":null,"updateKey":null,"optionsURL":null,"optionsType":null,"aboutURL":null,"iconURL":null,"icon64URL":null,"defaultLocale":{"name":"Default","description":"The default theme.","creator":"Mozilla","homepageURL":null,"contributors":["Mozilla Contributors"]},"visible":true,"active":true,"userDisabled":false,"appDisabled":false,"descriptor":"C:\\Program Files (x86)\\Mozilla Firefox\\browser\\extensions\\{972ce4c6-7e08-4474-a285-3208198ce6fd}","installDate":1452148460144,"updateDate":1452148460144,"applyBackgroundUpdates":1,"skinnable":true,"size":24172,"sourceURI":null,"releaseNotesURI":null,"softDisabled":false,"foreignInstall":false,"hasBinaryComponents":false,"strictCompatibility":true,"locales":[],"targetApplications":[{"id":"{ec8030f7-c20a-464f-9b0e-13a3a9e97384}","minVersion":"43.0.4","maxVersion":"43.0.4"}],"targetPlatforms":[]}
1453979350435	addons.xpi	DEBUG	getModTime: Recursive scan of {972ce4c6-7e08-4474-a285-3208198ce6fd}
1453979350437	DeferredSave.extensions.json	DEBUG	Save changes
1453979350437	addons.xpi	DEBUG	Updating database with changes to installed add-ons
1453979350438	addons.xpi-utils	DEBUG	Updating add-on states
1453979350439	addons.xpi-utils	DEBUG	Writing add-ons list
1453979350468	addons.manager	DEBUG	Registering shutdown blocker for XPIProvider
1453979350468	addons.manager	DEBUG	Provider finished startup: XPIProvider
1453979350468	addons.manager	DEBUG	Starting provider: LightweightThemeManager
1453979350468	addons.manager	DEBUG	Registering shutdown blocker for LightweightThemeManager
1453979350468	addons.manager	DEBUG	Provider finished startup: LightweightThemeManager
1453979350469	addons.manager	DEBUG	Starting provider: GMPProvider
1453979350477	addons.manager	DEBUG	Registering shutdown blocker for GMPProvider
1453979350477	addons.manager	DEBUG	Provider finished startup: GMPProvider
1453979350477	addons.manager	DEBUG	Starting provider: PluginProvider
1453979350477	addons.manager	DEBUG	Registering shutdown blocker for PluginProvider
1453979350477	addons.manager	DEBUG	Provider finished startup: PluginProvider
1453979350478	addons.manager	DEBUG	Completed startup sequence
1453979352816	addons.manager	DEBUG	Starting provider: <unnamed-provider>
1453979352816	addons.manager	DEBUG	Registering shutdown blocker for <unnamed-provider>
1453979352817	addons.manager	DEBUG	Provider finished startup: <unnamed-provider>
1453979353153	DeferredSave.extensions.json	DEBUG	Starting write
1453979355255	addons.repository	DEBUG	No addons.json found.
1453979355255	DeferredSave.addons.json	DEBUG	Save changes
1453979355269	DeferredSave.addons.json	DEBUG	Starting timer
1453979355278	addons.manager	DEBUG	Starting provider: PreviousExperimentProvider
1453979355278	addons.manager	DEBUG	Registering shutdown blocker for PreviousExperimentProvider
1453979355278	addons.manager	DEBUG	Provider finished startup: PreviousExperimentProvider
1453979355280	DeferredSave.extensions.json	DEBUG	Write succeeded
1453979355280	addons.xpi-utils	DEBUG	XPI Database saved, setting schema version preference to 17
1453979355371	DeferredSave.addons.json	DEBUG	Starting write
1453979355390	DeferredSave.addons.json	DEBUG	Write succeeded

Build info: version: '2.47.1', revision: 'unknown', time: '2015-07-30 11:02:44'
System info: host: 'QSIH-00268', ip: '10.145.8.178', os.name: 'Windows 7', os.arch: 'amd64', os.version: '6.1', java.version: '1.8.0_60'
Driver info: driver.version: FirefoxDriver
	at com.proware.common.BasePageTest.preSetup(BasePageTest.java:55)
	at sun.reflect.NativeMethodAccessorImpl.invoke0(Native Method)
	at sun.reflect.NativeMethodAccessorImpl.invoke(Unknown Source)
	at sun.reflect.DelegatingMethodAccessorImpl.invoke(Unknown Source)
	at java.lang.reflect.Method.invoke(Unknown Source)
	at org.testng.internal.MethodInvocationHelper.invokeMethod(MethodInvocationHelper.java:85)
	at org.testng.internal.Invoker.invokeConfigurationMethod(Invoker.java:517)
	at org.testng.internal.Invoker.invokeConfigurations(Invoker.java:213)
	at org.testng.internal.Invoker.invokeMethod(Invoker.java:601)
	at org.testng.internal.Invoker.invokeTestMethod(Invoker.java:845)
	at org.testng.internal.Invoker.invokeTestMethods(Invoker.java:1153)
	at org.testng.internal.TestMethodWorker.invokeTestMethods(TestMethodWorker.java:125)
	at org.testng.internal.TestMethodWorker.run(TestMethodWorker.java:108)
	at org.testng.TestRunner.privateRun(TestRunner.java:771)
	at org.testng.TestRunner.run(TestRunner.java:621)
	at org.testng.SuiteRunner.runTest(SuiteRunner.java:357)
	at org.testng.SuiteRunner.runSequentially(SuiteRunner.java:352)
	at org.testng.SuiteRunner.privateRun(SuiteRunner.java:310)
	at org.testng.SuiteRunner.run(SuiteRunner.java:259)
	at org.testng.SuiteRunnerWorker.runSuite(SuiteRunnerWorker.java:52)
	at org.testng.SuiteRunnerWorker.run(SuiteRunnerWorker.java:86)
	at org.testng.TestNG.runSuitesSequentially(TestNG.java:1199)
	at org.testng.TestNG.runSuitesLocally(TestNG.java:1124)
	at org.testng.TestNG.run(TestNG.java:1032)
	at org.testng.remote.RemoteTestNG.run(RemoteTestNG.java:111)
	at org.testng.remote.RemoteTestNG.initAndRun(RemoteTestNG.java:204)
	at org.testng.remote.RemoteTestNG.main(RemoteTestNG.java:175)
]]>
    </failure>
  </testcase> <!-- @BeforeMethod preSetup -->
  <testcase name="@AfterMethod tearup" time="0.0" classname="com.proware.tests.PlaceSelectionTest">
    <skipped/>
  </testcase> <!-- @AfterMethod tearup -->
  <testcase name="@BeforeMethod preSetup" time="0.0" classname="com.proware.tests.PlaceSelectionTest">
    <skipped/>
  </testcase> <!-- @BeforeMethod preSetup -->
  <testcase name="@AfterMethod tearup" time="0.0" classname="com.proware.tests.PlaceSelectionTest">
    <skipped/>
  </testcase> <!-- @AfterMethod tearup -->
  <testcase name="SourceSel" time="0.0" classname="com.proware.tests.PlaceSelectionTest">
    <skipped/>
  </testcase> <!-- SourceSel -->
  <testcase name="VerifyOffer" time="0.0" classname="com.proware.tests.PlaceSelectionTest">
    <skipped/>
  </testcase> <!-- VerifyOffer -->
</testsuite> <!-- Default test -->
