<?xml version="1.0" encoding="UTF-8"?>
<!-- Generated by org.testng.reporters.JUnitXMLReporter -->
<testsuite hostname="QSIH-00268" name="testname" tests="2" failures="1" timestamp="28 Jan 2016 11:16:54 GMT" time="50.441" errors="0">
  <testcase name="SourceSel" time="5.006" classname="com.proware.tests.PlaceSelectionTest">
    <failure type="java.lang.AssertionError" message="Titles do not match... expected [Book Ticket - Search Buses] but found [redBus : Online Bus Ticket Booking, Book Volvo AC Bus Tickets, Reservation]">
      <![CDATA[java.lang.AssertionError: Titles do not match... expected [Book Ticket - Search Buses] but found [redBus : Online Bus Ticket Booking, Book Volvo AC Bus Tickets, Reservation]
	at com.proware.common.BasePageObject.verifyTitle(BasePageObject.java:62)
	at com.proware.tests.PlaceSelectionTest.SourceSel(PlaceSelectionTest.java:23)
... Removed 28 stack frames]]>
    </failure>
  </testcase> <!-- SourceSel -->
  <testcase name="VerifyOffer" time="0.001" classname="com.proware.tests.PlaceSelectionTest"/>
</testsuite> <!-- testname -->
